<?xml version="1.0" encoding="UTF-8"?>
<!-- Generated by org.testng.reporters.JUnitReportReporter -->
<testsuite hostname="Sukesh" failures="0" tests="1" name="validation.TimeValidationHamcrest" time="2.961" errors="0" timestamp="2022-09-05T15:16:15 IST" skipped="0">
  <testcase classname="validation.TimeValidationHamcrest" name="dynamicResponse" time="2.961"/>
  <system-out/>
</testsuite> <!-- validation.TimeValidationHamcrest -->
