<?xml version="1.0" encoding="UTF-8"?>
<!-- Generated by org.testng.reporters.JUnitReportReporter -->
<testsuite hostname="Sukesh" failures="0" tests="1" name="requestChaining.GetAndDelete" time="3.670" errors="0" timestamp="2022-09-05T17:24:00 IST" skipped="0">
  <testcase classname="requestChaining.GetAndDelete" name="requestChaining1" time="3.670"/>
  <system-out/>
</testsuite> <!-- requestChaining.GetAndDelete -->
