<?xml version="1.0" encoding="UTF-8"?>
<!-- Generated by org.testng.reporters.JUnitReportReporter -->
<testsuite hostname="Sukesh" failures="0" tests="1" name="apiFramework.AllInOne" time="14.573" errors="0" timestamp="2022-09-07T15:09:46 IST" skipped="0">
  <testcase classname="apiFramework.AllInOne" name="allInOne" time="14.573"/>
  <system-out/>
</testsuite> <!-- apiFramework.AllInOne -->
