<?xml version="1.0" encoding="UTF-8"?>
<!-- Generated by org.testng.reporters.JUnitReportReporter -->
<testsuite hostname="Sukesh" failures="0" tests="1" name="parameters.getUsingPathParameter" time="2.273" errors="0" timestamp="2022-09-06T12:00:48 IST" skipped="0">
  <testcase classname="parameters.getUsingPathParameter" name="gettheProject" time="2.273"/>
  <system-out/>
</testsuite> <!-- parameters.getUsingPathParameter -->
