<?xml version="1.0" encoding="UTF-8"?>
<!-- Generated by org.testng.reporters.JUnitReportReporter -->
<testsuite hostname="Sukesh" failures="0" tests="1" name="requestChaining.PostAndGetUsingPathParameter" time="3.453" errors="0" timestamp="2022-09-05T16:14:53 IST" skipped="0">
  <testcase classname="requestChaining.PostAndGetUsingPathParameter" name="requestChaining1" time="3.453"/>
  <system-out/>
</testsuite> <!-- requestChaining.PostAndGetUsingPathParameter -->
