<?xml version="1.0" encoding="UTF-8"?>
<!-- Generated by org.testng.reporters.JUnitReportReporter -->
<testsuite hostname="Sukesh" failures="0" tests="1" name="reqres.GetReqres" time="3.248" errors="0" timestamp="2022-09-05T11:17:44 IST" skipped="0">
  <testcase classname="reqres.GetReqres" name="getReqres" time="3.248"/>
  <system-out/>
</testsuite> <!-- reqres.GetReqres -->
