<?xml version="1.0" encoding="UTF-8"?>
<!-- Generated by org.testng.reporters.JUnitReportReporter -->
<testsuite hostname="Sukesh" failures="0" tests="1" name="crudOperationsWithoutBDD.ReadAllProjectTest" time="2.130" errors="0" timestamp="2022-09-01T17:39:15 IST" skipped="0">
  <testcase classname="crudOperationsWithoutBDD.ReadAllProjectTest" name="Read" time="2.130"/>
  <system-out/>
</testsuite> <!-- crudOperationsWithoutBDD.ReadAllProjectTest -->
