<?xml version="1.0" encoding="UTF-8"?>
<!-- Generated by org.testng.reporters.JUnitReportReporter -->
<testsuite hostname="Sukesh" failures="0" tests="1" name="validation.AllInOne" time="17.262" errors="0" timestamp="2022-09-07T15:02:01 IST" skipped="0">
  <testcase classname="validation.AllInOne" name="allInOne" time="17.262"/>
  <system-out/>
</testsuite> <!-- validation.AllInOne -->
