<?xml version="1.0" encoding="UTF-8"?>
<!-- Generated by org.testng.reporters.JUnitReportReporter -->
<testsuite hostname="Sukesh" failures="0" tests="1" name="crudOperationWithBDD.ReadParticularProjectTest" time="2.247" errors="0" timestamp="2022-09-05T13:02:50 IST" skipped="0">
  <testcase classname="crudOperationWithBDD.ReadParticularProjectTest" name="Read" time="2.247"/>
  <system-out/>
</testsuite> <!-- crudOperationWithBDD.ReadParticularProjectTest -->
