<?xml version="1.0" encoding="UTF-8"?>
<!-- Generated by org.testng.reporters.JUnitReportReporter -->
<testsuite hostname="Sukesh" failures="0" tests="1" name="crudOperationWithBDD.UpdateProjectTest" time="2.536" errors="0" timestamp="2022-09-02T15:49:40 IST" skipped="0">
  <testcase classname="crudOperationWithBDD.UpdateProjectTest" name="create" time="2.536"/>
  <system-out/>
</testsuite> <!-- crudOperationWithBDD.UpdateProjectTest -->
