<?xml version="1.0" encoding="UTF-8"?>
<!-- Generated by org.testng.reporters.JUnitReportReporter -->
<testsuite hostname="Sukesh" failures="0" tests="1" name="requestChaining.PostAndPut" time="4.549" errors="0" timestamp="2022-09-05T16:58:49 IST" skipped="0">
  <testcase classname="requestChaining.PostAndPut" name="requestChaining1" time="4.549"/>
  <system-out/>
</testsuite> <!-- requestChaining.PostAndPut -->
