<?xml version="1.0" encoding="UTF-8"?>
<!-- Generated by org.testng.reporters.JUnitReportReporter -->
<testsuite hostname="Sukesh" failures="0" tests="1" name="reqres.PostReqres" time="3.618" errors="0" timestamp="2022-09-05T11:28:07 IST" skipped="0">
  <testcase classname="reqres.PostReqres" name="CreateProject" time="3.618"/>
  <system-out/>
</testsuite> <!-- reqres.PostReqres -->
