<?xml version="1.0" encoding="UTF-8"?>
<!-- Generated by org.testng.reporters.JUnitReportReporter -->
<testsuite hostname="Sukesh" failures="0" tests="1" name="crudOperationWithBDD.DeleteProjectTest" time="2.105" errors="0" timestamp="2022-09-02T15:50:43 IST" skipped="0">
  <testcase classname="crudOperationWithBDD.DeleteProjectTest" name="DeleteProject" time="2.105"/>
  <system-out/>
</testsuite> <!-- crudOperationWithBDD.DeleteProjectTest -->
