<?xml version="1.0" encoding="UTF-8"?>
<!-- Generated by org.testng.reporters.JUnitReportReporter -->
<testsuite hostname="Sukesh" failures="0" tests="1" name="authentication.BasicOauth" time="2.262" errors="0" timestamp="2022-09-06T12:26:23 IST" skipped="0">
  <testcase classname="authentication.BasicOauth" name="basicOauth" time="2.262"/>
  <system-out/>
</testsuite> <!-- authentication.BasicOauth -->
