<?xml version="1.0" encoding="UTF-8"?>
<!-- Generated by org.testng.reporters.JUnitReportReporter -->
<testsuite hostname="Sukesh" failures="0" tests="1" name="authentication.BearerToken" time="3.010" errors="0" timestamp="2022-09-06T12:58:43 IST" skipped="0">
  <testcase classname="authentication.BearerToken" name="bearerToken" time="3.010"/>
  <system-out/>
</testsuite> <!-- authentication.BearerToken -->
