<?xml version="1.0" encoding="UTF-8"?>
<!-- Generated by org.testng.reporters.JUnitReportReporter -->
<testsuite hostname="Sukesh" failures="0" tests="1" name="parameters.getUsingQueryParameter" time="3.256" errors="0" timestamp="2022-09-06T12:24:47 IST" skipped="0">
  <testcase classname="parameters.getUsingQueryParameter" name="queryParameter" time="3.256"/>
  <system-out/>
</testsuite> <!-- parameters.getUsingQueryParameter -->
