<?xml version="1.0" encoding="UTF-8"?>
<!-- Generated by org.testng.reporters.JUnitReportReporter -->
<testsuite hostname="Sukesh" failures="0" tests="1" name="authentication.DigestiveAuthTest" time="2.274" errors="0" timestamp="2022-09-06T12:35:00 IST" skipped="0">
  <testcase classname="authentication.DigestiveAuthTest" name="digestiveAuth" time="2.274"/>
  <system-out/>
</testsuite> <!-- authentication.DigestiveAuthTest -->
