<?xml version="1.0" encoding="UTF-8"?>
<!-- Generated by org.testng.reporters.JUnitReportReporter -->
<testsuite hostname="Sukesh" failures="0" tests="1" name="reqres.DeleteReqres" time="3.576" errors="0" timestamp="2022-09-05T11:36:09 IST" skipped="0">
  <testcase classname="reqres.DeleteReqres" name="deleteReqres" time="3.576"/>
  <system-out/>
</testsuite> <!-- reqres.DeleteReqres -->
