<?xml version="1.0" encoding="UTF-8"?>
<!-- Generated by org.testng.reporters.JUnitReportReporter -->
<testsuite hostname="Sukesh" failures="0" tests="1" name="requestChaining.PostAndDelete" time="3.323" errors="0" timestamp="2022-09-05T16:08:51 IST" skipped="0">
  <testcase classname="requestChaining.PostAndDelete" name="requestChaining1" time="3.323"/>
  <system-out/>
</testsuite> <!-- requestChaining.PostAndDelete -->
