<?xml version="1.0" encoding="UTF-8"?>
<!-- Generated by org.testng.reporters.JUnitReportReporter -->
<testsuite hostname="Sukesh" failures="0" tests="1" name="authentication.Oauth2" time="4.553" errors="0" timestamp="2022-09-06T15:32:16 IST" skipped="0">
  <testcase classname="authentication.Oauth2" name="oauthAuthentication" time="4.553"/>
  <system-out/>
</testsuite> <!-- authentication.Oauth2 -->
