<?xml version="1.0" encoding="UTF-8"?>
<!-- Generated by org.testng.reporters.JUnitReportReporter -->
<testsuite hostname="Sukesh" failures="0" tests="1" name="assignment.GetThePet" time="4.482" errors="0" timestamp="2022-09-06T17:14:45 IST" skipped="0">
  <testcase classname="assignment.GetThePet" name="get" time="4.482"/>
  <system-out/>
</testsuite> <!-- assignment.GetThePet -->
