<?xml version="1.0" encoding="UTF-8"?>
<!-- Generated by org.testng.reporters.JUnitReportReporter -->
<testsuite hostname="Sukesh" failures="0" tests="1" name="differentWaysToPost.JSONObjectTest" time="2.656" errors="0" timestamp="2022-09-03T10:08:11 IST" skipped="0">
  <testcase classname="differentWaysToPost.JSONObjectTest" name="JSONObject" time="2.656"/>
  <system-out/>
</testsuite> <!-- differentWaysToPost.JSONObjectTest -->
