<?xml version="1.0" encoding="UTF-8"?>
<!-- Generated by org.testng.reporters.JUnitReportReporter -->
<testsuite hostname="Sukesh" failures="0" tests="4" name="dataProvider.DataDrivenTest" time="2.627" errors="0" timestamp="2022-09-05T11:08:15 IST" skipped="0">
  <testcase classname="dataProvider.DataDrivenTest" name="addProject" time="0.036"/>
  <system-out/>
  <testcase classname="dataProvider.DataDrivenTest" name="addProject" time="0.048"/>
  <system-out/>
  <testcase classname="dataProvider.DataDrivenTest" name="addProject" time="2.489"/>
  <system-out/>
  <testcase classname="dataProvider.DataDrivenTest" name="addProject" time="0.054"/>
  <system-out/>
</testsuite> <!-- dataProvider.DataDrivenTest -->
