<?xml version="1.0" encoding="UTF-8"?>
<!-- Generated by org.testng.reporters.JUnitReportReporter -->
<testsuite hostname="Sukesh" failures="0" tests="1" name="endToEnd.CRUDOperationInBothGUIAndAPI" time="13.397" errors="0" timestamp="2022-09-07T16:49:55 IST" skipped="0">
  <testcase classname="endToEnd.CRUDOperationInBothGUIAndAPI" name="tryCRUDOperationInBothGUIAndAPI" time="13.397"/>
  <system-out/>
</testsuite> <!-- endToEnd.CRUDOperationInBothGUIAndAPI -->
