<?xml version="1.0" encoding="UTF-8"?>
<!-- Generated by org.testng.reporters.JUnitReportReporter -->
<testsuite hostname="Sukesh" failures="0" tests="1" name="crudOperationsWithoutBDD.UpdateProjectTest" time="3.020" errors="0" timestamp="2022-09-02T09:52:33 IST" skipped="0">
  <testcase classname="crudOperationsWithoutBDD.UpdateProjectTest" name="UpdateProject" time="3.020"/>
  <system-out/>
</testsuite> <!-- crudOperationsWithoutBDD.UpdateProjectTest -->
