<?xml version="1.0" encoding="UTF-8"?>
<!-- Generated by org.testng.reporters.JUnitReportReporter -->
<testsuite hostname="Sukesh" failures="0" tests="1" name="reqres.GetParticularProject" time="2.817" errors="0" timestamp="2022-09-05T11:30:14 IST" skipped="0">
  <testcase classname="reqres.GetParticularProject" name="getParticularReqres" time="2.817"/>
  <system-out/>
</testsuite> <!-- reqres.GetParticularProject -->
