<?xml version="1.0" encoding="UTF-8"?>
<!-- Generated by org.testng.reporters.JUnitReportReporter -->
<testsuite hostname="Sukesh" failures="0" tests="1" name="assignment.PostSwagger" time="4.537" errors="0" timestamp="2022-09-06T17:14:57 IST" skipped="0">
  <testcase classname="assignment.PostSwagger" name="CreatePet" time="4.537"/>
  <system-out/>
</testsuite> <!-- assignment.PostSwagger -->
