<?xml version="1.0" encoding="UTF-8"?>
<!-- Generated by org.testng.reporters.JUnitReportReporter -->
<testsuite hostname="Sukesh" failures="0" tests="1" name="crudOperationsWithoutBDD.ReadOneProject" time="2.098" errors="0" timestamp="2022-09-01T17:42:33 IST" skipped="0">
  <testcase classname="crudOperationsWithoutBDD.ReadOneProject" name="Read" time="2.098"/>
  <system-out/>
</testsuite> <!-- crudOperationsWithoutBDD.ReadOneProject -->
