<?xml version="1.0" encoding="UTF-8"?>
<!-- Generated by org.testng.reporters.JUnitReportReporter -->
<testsuite hostname="Sukesh" failures="0" tests="1" name="validation.StaticValidation" time="2.790" errors="0" timestamp="2022-09-05T13:35:32 IST" skipped="0">
  <testcase classname="validation.StaticValidation" name="staticResponseGet" time="2.790"/>
  <system-out/>
</testsuite> <!-- validation.StaticValidation -->
