<?xml version="1.0" encoding="UTF-8"?>
<!-- Generated by org.testng.reporters.JUnitReportReporter -->
<testsuite hostname="Sukesh" failures="0" tests="1" name="requestChaining.UsingPathParameter" time="3.257" errors="0" timestamp="2022-09-05T16:01:04 IST" skipped="0">
  <testcase classname="requestChaining.UsingPathParameter" name="requestChaining1" time="3.257"/>
  <system-out/>
</testsuite> <!-- requestChaining.UsingPathParameter -->
