<?xml version="1.0" encoding="UTF-8"?>
<!-- Generated by org.testng.reporters.JUnitReportReporter -->
<testsuite hostname="Sukesh" failures="0" tests="1" name="reqres.PutReqres" time="4.797" errors="0" timestamp="2022-09-05T11:22:40 IST" skipped="0">
  <testcase classname="reqres.PutReqres" name="CreateProject" time="4.797"/>
  <system-out/>
</testsuite> <!-- reqres.PutReqres -->
