<?xml version="1.0" encoding="UTF-8"?>
<!-- Generated by org.testng.reporters.JUnitReportReporter -->
<testsuite hostname="Sukesh" failures="0" tests="1" name="crudOperationWithBDD.AddProjectTest" time="3.046" errors="0" timestamp="2022-09-02T16:01:48 IST" skipped="0">
  <testcase classname="crudOperationWithBDD.AddProjectTest" name="create" time="3.046"/>
  <system-out/>
</testsuite> <!-- crudOperationWithBDD.AddProjectTest -->
