<?xml version="1.0" encoding="UTF-8"?>
<!-- Generated by org.testng.reporters.JUnitReportReporter -->
<testsuite hostname="Sukesh" failures="0" tests="1" name="differentWaysToPost.CreateProjectUsingJSONfileTest" time="2.248" errors="0" timestamp="2022-09-03T11:27:31 IST" skipped="0">
  <testcase classname="differentWaysToPost.CreateProjectUsingJSONfileTest" name="createProject" time="2.248"/>
  <system-out/>
</testsuite> <!-- differentWaysToPost.CreateProjectUsingJSONfileTest -->
