<?xml version="1.0" encoding="UTF-8"?>
<!-- Generated by org.testng.reporters.JUnitReportReporter -->
<testsuite hostname="Sukesh" failures="0" tests="1" name="crudOperationWithBDD.ReadAllProjectTest" time="2.051" errors="0" timestamp="2022-09-02T15:38:48 IST" skipped="0">
  <testcase classname="crudOperationWithBDD.ReadAllProjectTest" name="Read" time="2.051"/>
  <system-out/>
</testsuite> <!-- crudOperationWithBDD.ReadAllProjectTest -->
